2019-06-20 22:08:23,658 - INFO: - khoa - Lazada Service - Start call to function getOrdersJSON
2019-06-20 22:08:52,764 - INFO: - khoa - Lazada Adapter - Start call to function mapOrdersToDF
2019-06-20 22:08:52,766 - INFO: - khoa - Orders data for business 8df8e248-acfd-4412-9f16-5bc467eda921 is available.
2019-06-20 22:09:55,607 - INFO: - khoa - Lazada Service - Start call to function getSellerJSON
2019-06-20 22:09:58,014 - INFO: - khoa - Lazada Service - Start call to function getSellerMetricsJSON
2019-06-20 22:10:00,090 - INFO: - khoa - Lazada Service - Start call to function getCategoryTreeJSON
2019-06-20 22:10:05,671 - INFO: - khoa - Lazada Service - Start call to function getProductItemsJSON
2019-06-20 22:10:11,260 - INFO: - khoa - Lazada Service - Start call to function getTransactionDetailsJSON
2019-06-20 22:11:17,283 - INFO: - khoa - Lazada Adapter - Start call to function getMonthlyRevenueDF
2019-06-20 22:11:17,328 - INFO: - khoa - Lazada Adapter - Start call to function calculateReturnOrdersRatio
2019-06-20 22:11:17,343 - INFO: - khoa - Lazada Adapter - Start call to function calculateCancelledOrdersRatio
2019-06-20 22:11:17,364 - INFO: - khoa - Lazada Adapter - Start call to function calculateNumberOfCust
2019-06-20 22:11:17,375 - INFO: - khoa - Lazada Adapter - Start call to function getPaymentMethodDF
2019-06-20 22:11:17,395 - INFO: - khoa - Lazada Adapter - Start call to function getUniqueCustomers
2019-06-20 22:11:17,635 - INFO: - khoa - Lazada Adapter - Start call to function getFirstOrdersDate
2019-06-20 22:11:17,649 - INFO: - khoa - Lazada Adapter - Start call to function getMonthSinceFirstOrder
2019-06-20 22:11:17,660 - INFO: - khoa - Business Service Caller - Start call to function getBusinessInfo
2019-06-20 22:11:18,527 - INFO: - khoa - Business Adapter - Start call to function getDirectorEducational
2019-06-20 22:11:18,539 - INFO: - khoa - Lazada Adapter - Start call to function getAvgTransaction
2019-06-20 22:11:18,577 - INFO: - khoa - Lazada Adapter - Start call to function getOrdersRawDF
2019-06-20 22:11:19,059 - INFO: - khoa - Lazada Adapter - Start call to function mapSellersRawDF
2019-06-20 22:11:19,063 - INFO: - khoa - Lazada Adapter - Start call to function mapSellerMetricsRawDF
2019-06-20 22:11:19,067 - INFO: - khoa - Lazada Adapter - Start call to function mapCategoryTreeRawDF
2019-06-20 22:11:19,156 - INFO: - khoa - Lazada Adapter - Start call to function mapProductItemsRawDF
2019-06-20 22:11:19,233 - INFO: - khoa - Lazada Adapter - Start call to function mapTransDetailsRawDF
2019-06-20 22:11:19,721 - INFO: - khoa - Lazada Adapter - Start call to function generateDataPoints
2019-06-20 22:11:19,723 - INFO: - khoa - Lazada Adapter - Start call to function getRevVol
2019-06-20 22:11:19,725 - INFO: - khoa - Lazada Adapter - Start call to function calculateReturnOrdersRatio
2019-06-20 22:11:19,728 - INFO: - khoa - Lazada Adapter - Start call to function calculateCancelledOrdersRatio
2019-06-20 22:11:19,734 - INFO: - khoa - Lazada Adapter - Start call to function calculateNumberOfCust
2019-06-20 22:11:19,739 - INFO: - khoa - Lazada Adapter - Start call to function getFirstOrdersDate
2019-06-20 22:11:19,740 - INFO: - khoa - Lazada Adapter - Start call to function getMonthSinceFirstOrder
2019-06-20 22:11:19,742 - INFO: - khoa - Lazada Adapter - Start call to function mapSellerMetricsRawDF
2019-06-20 22:11:19,757 - INFO: - khoa - Lazada Adapter - Start call to function getSellerMetricsShipOnTime
2019-06-20 22:11:19,758 - INFO: - khoa - Lazada Adapter - Start call to function getSellerMetricsResponseTime
2019-06-20 22:11:19,760 - INFO: - khoa - Lazada Adapter - Start call to function getSellerMetricsResponseRate
2019-06-20 22:11:19,761 - INFO: - khoa - Lazada Adapter - Start call to function getSellerMetricsMainCategoryName
2019-06-20 22:14:12,735 - INFO: - khoa - Lazada Service - Start call to function getOrdersJSON
2019-06-20 22:14:16,544 - INFO: - khoa - Lazada Adapter - Start call to function mapOrdersToDF
2019-06-20 22:14:16,546 - INFO: - khoa - Orders data for business 8df8fc77-ad36-446d-a1ae-ecdc9fd666fa is available.
2019-06-20 22:14:16,585 - INFO: - khoa - Lazada Service - Start call to function getSellerJSON
2019-06-20 22:14:18,446 - INFO: - khoa - Lazada Service - Start call to function getSellerMetricsJSON
2019-06-20 22:14:19,919 - INFO: - khoa - Lazada Service - Start call to function getCategoryTreeJSON
2019-06-20 22:14:23,076 - INFO: - khoa - Lazada Service - Start call to function getProductItemsJSON
2019-06-20 22:14:24,984 - INFO: - khoa - Lazada Service - Start call to function getTransactionDetailsJSON
2019-06-20 22:14:29,606 - INFO: - khoa - Lazada Adapter - Start call to function getMonthlyRevenueDF
2019-06-20 22:14:29,635 - INFO: - khoa - Lazada Adapter - Start call to function calculateReturnOrdersRatio
2019-06-20 22:14:29,654 - INFO: - khoa - Lazada Adapter - Start call to function calculateCancelledOrdersRatio
2019-06-20 22:14:29,672 - INFO: - khoa - Lazada Adapter - Start call to function calculateNumberOfCust
2019-06-20 22:14:29,685 - INFO: - khoa - Lazada Adapter - Start call to function getPaymentMethodDF
2019-06-20 22:14:29,711 - INFO: - khoa - Lazada Adapter - Start call to function getUniqueCustomers
2019-06-20 22:14:29,758 - INFO: - khoa - Lazada Adapter - Start call to function getFirstOrdersDate
2019-06-20 22:14:29,774 - INFO: - khoa - Lazada Adapter - Start call to function getMonthSinceFirstOrder
2019-06-20 22:14:29,787 - INFO: - khoa - Business Service Caller - Start call to function getBusinessInfo
2019-06-20 22:14:30,426 - INFO: - khoa - Business Adapter - Start call to function getDirectorEducational
2019-06-20 22:14:30,459 - INFO: - khoa - Lazada Adapter - Start call to function getAvgTransaction
2019-06-20 22:14:30,477 - INFO: - khoa - Lazada Adapter - Start call to function getOrdersRawDF
2019-06-20 22:14:30,508 - INFO: - khoa - Lazada Adapter - Start call to function mapSellersRawDF
2019-06-20 22:14:30,515 - INFO: - khoa - Lazada Adapter - Start call to function mapSellerMetricsRawDF
2019-06-20 22:14:30,522 - INFO: - khoa - Lazada Adapter - Start call to function mapCategoryTreeRawDF
2019-06-20 22:14:30,607 - INFO: - khoa - Lazada Adapter - Start call to function mapProductItemsRawDF
2019-06-20 22:14:30,627 - INFO: - khoa - Lazada Adapter - Start call to function mapTransDetailsRawDF
2019-06-20 22:14:30,648 - INFO: - khoa - Lazada Adapter - Start call to function generateDataPoints
2019-06-20 22:14:30,650 - INFO: - khoa - Lazada Adapter - Start call to function getRevVol
2019-06-20 22:14:30,652 - INFO: - khoa - Lazada Adapter - Start call to function calculateReturnOrdersRatio
2019-06-20 22:14:30,657 - INFO: - khoa - Lazada Adapter - Start call to function calculateCancelledOrdersRatio
2019-06-20 22:14:30,660 - INFO: - khoa - Lazada Adapter - Start call to function calculateNumberOfCust
2019-06-20 22:14:30,664 - INFO: - khoa - Lazada Adapter - Start call to function getFirstOrdersDate
2019-06-20 22:14:30,666 - INFO: - khoa - Lazada Adapter - Start call to function getMonthSinceFirstOrder
2019-06-20 22:14:30,667 - INFO: - khoa - Lazada Adapter - Start call to function mapSellerMetricsRawDF
2019-06-20 22:14:30,669 - WARNING: - khoa - Get sellers metrics positive sell rating failed. Error 'data.positive_seller_rating'
2019-06-20 22:14:30,670 - INFO: - khoa - Lazada Adapter - Start call to function getSellerMetricsShipOnTime
2019-06-20 22:14:30,671 - INFO: - khoa - Lazada Adapter - Start call to function getSellerMetricsResponseTime
2019-06-20 22:14:30,674 - INFO: - khoa - Lazada Adapter - Start call to function getSellerMetricsResponseRate
2019-06-20 22:14:30,675 - INFO: - khoa - Lazada Adapter - Start call to function getSellerMetricsMainCategoryName
